<?xml version="1.0" encoding="UTF-8"?>
<testng-results ignored="0" total="3" passed="3" failed="0" skipped="0">
  <reporter-output>
  </reporter-output>
  <suite started-at="2022-09-27T14:51:49 EEST" name="QATest" finished-at="2022-09-27T14:52:19 EEST" duration-ms="29465">
    <groups>
    </groups>
    <test started-at="2022-09-27T14:51:49 EEST" name="Command line test" finished-at="2022-09-27T14:52:19 EEST" duration-ms="29465">
      <class name="QATest">
        <test-method is-config="true" signature="setUp()[pri:0, instance:QATest@5fbe4146]" started-at="2022-09-27T14:51:49 EEST" name="setUp" finished-at="2022-09-27T14:51:52 EEST" duration-ms="2959" status="PASS">
          <reporter-output>
          </reporter-output>
        </test-method> <!-- setUp -->
        <test-method signature="firstTest()[pri:1, instance:QATest@5fbe4146]" started-at="2022-09-27T14:51:52 EEST" name="firstTest" description="TC001 Login successfully" finished-at="2022-09-27T14:51:54 EEST" duration-ms="1903" status="PASS">
          <reporter-output>
          </reporter-output>
        </test-method> <!-- firstTest -->
        <test-method is-config="true" signature="quit()[pri:0, instance:QATest@5fbe4146]" started-at="2022-09-27T14:51:54 EEST" name="quit" finished-at="2022-09-27T14:51:55 EEST" duration-ms="650" status="PASS">
          <reporter-output>
          </reporter-output>
        </test-method> <!-- quit -->
        <test-method is-config="true" signature="setUp()[pri:0, instance:QATest@5fbe4146]" started-at="2022-09-27T14:51:55 EEST" name="setUp" finished-at="2022-09-27T14:51:56 EEST" duration-ms="1359" status="PASS">
          <reporter-output>
          </reporter-output>
        </test-method> <!-- setUp -->
        <test-method signature="secondTest()[pri:2, instance:QATest@5fbe4146]" started-at="2022-09-27T14:51:56 EEST" name="secondTest" description="TC002 Create new todo" finished-at="2022-09-27T14:51:59 EEST" duration-ms="2314" status="PASS">
          <reporter-output>
          </reporter-output>
        </test-method> <!-- secondTest -->
        <test-method is-config="true" signature="quit()[pri:0, instance:QATest@5fbe4146]" started-at="2022-09-27T14:51:59 EEST" name="quit" finished-at="2022-09-27T14:51:59 EEST" duration-ms="634" status="PASS">
          <reporter-output>
          </reporter-output>
        </test-method> <!-- quit -->
        <test-method is-config="true" signature="setUp()[pri:0, instance:QATest@5fbe4146]" started-at="2022-09-27T14:51:59 EEST" name="setUp" finished-at="2022-09-27T14:52:01 EEST" duration-ms="1345" status="PASS">
          <reporter-output>
          </reporter-output>
        </test-method> <!-- setUp -->
        <test-method signature="thirdTest()[pri:3, instance:QATest@5fbe4146]" started-at="2022-09-27T14:52:01 EEST" name="thirdTest" description="TC003 Delete courses" finished-at="2022-09-27T14:52:18 EEST" duration-ms="17576" status="PASS">
          <reporter-output>
          </reporter-output>
        </test-method> <!-- thirdTest -->
        <test-method is-config="true" signature="quit()[pri:0, instance:QATest@5fbe4146]" started-at="2022-09-27T14:52:18 EEST" name="quit" finished-at="2022-09-27T14:52:19 EEST" duration-ms="654" status="PASS">
          <reporter-output>
          </reporter-output>
        </test-method> <!-- quit -->
      </class> <!-- QATest -->
    </test> <!-- Command line test -->
  </suite> <!-- QATest -->
</testng-results>
